(---------------------------------------------------------------------)
(                                                                     )
(    QUICKPLACE LOG                                                   )
(                                                                     )
(    Drawing          : skassona.brd                                  )
(    Software Version : 24.1P001                                      )
(    Date/Time        : Fri Oct 18 16:33:39 2024                      )
(                                                                     )
(---------------------------------------------------------------------)



Placing page "1"
	ERROR:   Could not find symbol:  D1 / LED_THT_CAPACITOR_BACK-LIGHTS / THT_CAPACITOR
	ERROR:   Could not find symbol:  D2 / LED_THT_CAPACITOR_FRONT-LIGHTS / THT_CAPACITOR
	Placed symbol:  NMOS1 / IRF510_TO220AB_IRF510 / TO220AB at (4.1656 156.5656)
	Placed symbol:  PMOS1 / IRF9510_TO220AB_IRF9510 / TO220AB at (6.5673 188.4020)
	Placed symbol:  PMOS2 / IRF9510_TO220AB_IRF9510 / TO220AB at (27.4385 172.4838)

Placing page "1_555-part_1"
	Placed symbol:  C2 / UCA2G470MHD_CAPPRD750W80D1650H3300_47U - UCA2G470MHD / CAPPRD750W80D1650H3300 at (42.9791 181.5454)
	Placed symbol:  R3 / MRS25000C2201FCT00_RESAD1650W60L650D250_2.2K - MRS25000C2201FCT00 / RESAD1650W60L650D250 at (86.3191 201.9454)
	Placed symbol:  R4 / MRS25000C3301FCT00_RESAD1650W60L650D250_3.3K - MRS25000C3301FCT00 / RESAD1650W60L650D250 at (86.3191 155.2950)
	Placed symbol:  IC3 / NE555P_DIP794W53P254L959H508Q8N_NE555P / DIP794W53P254L959H508Q8N at (66.5041 176.0850)

Placing page "1_counter-part_1"
	Placed symbol:  C3 / CK05BX103K_CK05BX103K_CK05BX103K / CK05BX103K at (127.9071 186.9300)
	Placed symbol:  R5 / 273-100K-RC_RESAD2400W59L1000D350_273-100K-RC / RESAD2400W59L1000D350 at (145.5951 155.7950)
	Placed symbol:  IC1 / CD4017BE_DIP794W53P254L1930H508Q16N_CD4017BE / DIP794W53P254L1930H508Q16N at (107.2341 186.9300)
	Placed symbol:  S1 / 1301.9314_13019319_1301.9314 / 13019319 at (187.3701 172.9326)

Placed 11 of 13 symbols.
