(---------------------------------------------------------------------)
(                                                                     )
(    Allegro Netrev Import Logic                                      )
(                                                                     )
(    Drawing          : PROJECT2.brd                                  )
(    Software Version : 24.1P001                                      )
(    Date/Time        : Fri Dec 27 16:00:51 2024                      )
(                                                                     )
(---------------------------------------------------------------------)


------ Directives ------------

Ripup etch:                  No
Ripup delete first segment:  No
Ripup retain bondwire:       No
Ripup symbols:               Always
Missing symbol has error:    No
DRC update:                  Yes
Schematic directory:         'c:\users\tubbadu\documents\orcad\orcad_laboratories\workspace\projects\project2\allegro'
Design Directory:            'C:/Users/tubbadu/Documents/OrCAD/ORCAD_LABORATORIES/workspace/projects/project2/allegro'
Old design name:             'C:/Users/tubbadu/Documents/OrCAD/ORCAD_LABORATORIES/workspace/projects/project2/allegro/PROJECT2.brd'
New design name:             'C:/Users/tubbadu/Documents/OrCAD/ORCAD_LABORATORIES/workspace/projects/project2/allegro/PROJECT2.brd'

CmdLine: netrev.exe -y 1 -n -i c:\users\tubbadu\documents\orcad\orcad_laboratories\workspace\projects\project2\allegro C:/Users/tubbadu/Documents/OrCAD/ORCAD_LABORATORIES/workspace/projects/project2/allegro/PROJECT2.brd C:/Users/tubbadu/Documents/OrCAD/ORCAD_LABORATORIES/workspace/projects/project2/allegro/PROJECT2.brd

------ Preparing to read pst files ------

Starting to read c:/users/tubbadu/documents/orcad/orcad_laboratories/workspace/projects/project2/allegro/pstchip.dat 
   Finished reading c:/users/tubbadu/documents/orcad/orcad_laboratories/workspace/projects/project2/allegro/pstchip.dat (00:00:00.01)
Starting to read c:/users/tubbadu/documents/orcad/orcad_laboratories/workspace/projects/project2/allegro/pstxprt.dat 
   Finished reading c:/users/tubbadu/documents/orcad/orcad_laboratories/workspace/projects/project2/allegro/pstxprt.dat (00:00:00.00)
Starting to read c:/users/tubbadu/documents/orcad/orcad_laboratories/workspace/projects/project2/allegro/pstxnet.dat 
   Finished reading c:/users/tubbadu/documents/orcad/orcad_laboratories/workspace/projects/project2/allegro/pstxnet.dat (00:00:00.00)

------ Oversights/Warnings/Errors ------


------ Library Paths ------
MODULEPATH =  . 
           C:/Cadence/OrCADX_24.1/share/orApps/OrCaptureApp/../../../share/local/pcb/modules 

PSMPATH =  C:/Users/tubbadu/Documents/OrCAD/ORCAD_LABORATORIES/workspace/libraries/footprints 
           . 
           symbols 
           .. 
           ../symbols 
           C:/Cadence/OrCADX_24.1/share/local/pcb/symbols 
           C:/Cadence/OrCADX_24.1/share/pcb/pcb_lib/symbols 
           C:/Cadence/OrCADX_24.1/share/pcb/allegrolib/symbols 
           C:/Users/tubbadu/AppData/Roaming/SPB_Data/cdssetup/OrCAD_Capture/24.1.0/downloaded_parts/allegropcb 

PADPATH =  C:/Users/tubbadu/Documents/OrCAD/ORCAD_LABORATORIES/workspace/libraries/footprints 
           . 
           symbols 
           .. 
           ../symbols 
           C:/Cadence/OrCADX_24.1/share/local/pcb/padstacks 
           C:/Cadence/OrCADX_24.1/share/pcb/pcb_lib/symbols 
           C:/Cadence/OrCADX_24.1/share/pcb/allegrolib/symbols 
           C:/Users/tubbadu/AppData/Roaming/SPB_Data/cdssetup/OrCAD_Capture/24.1.0/downloaded_parts/allegropcb 


------ Summary Statistics ------


netrev run on Dec 27 16:00:51 2024
   DESIGN NAME : 'PROJECT2'
   PACKAGING ON Sep  4 2024 20:54:11

   COMPILE 'logic'
   CHECK_PIN_NAMES OFF
   CROSS_REFERENCE OFF
   FEEDBACK OFF
   INCREMENTAL OFF
   INTERFACE_TYPE PHYSICAL
   MAX_ERRORS 500
   MERGE_MINIMUM 5
   NET_NAME_CHARS '#%&()*+-./:=>?@[]^_`|'
   NET_NAME_LENGTH 24
   OVERSIGHTS ON
   REPLACE_CHECK OFF
   SINGLE_NODE_NETS ON
   SPLIT_MINIMUM 0
   SUPPRESS   20
   WARNINGS ON

 No error detected
 No oversight detected
 No warning detected

cpu time      0:00:19
elapsed time  0:00:00

